
Lab0-atmega32u4.elf:     file format elf32-avr


Disassembly of section .text:

00000000 <__vectors>:
   0:	b0 c0       	rjmp	.+352    	; 0x162 <__ctors_end>
   2:	00 00       	nop
   4:	c1 c0       	rjmp	.+386    	; 0x188 <__bad_interrupt>
   6:	00 00       	nop
   8:	bf c0       	rjmp	.+382    	; 0x188 <__bad_interrupt>
   a:	00 00       	nop
   c:	bd c0       	rjmp	.+378    	; 0x188 <__bad_interrupt>
   e:	00 00       	nop
  10:	bb c0       	rjmp	.+374    	; 0x188 <__bad_interrupt>
  12:	00 00       	nop
  14:	b9 c0       	rjmp	.+370    	; 0x188 <__bad_interrupt>
  16:	00 00       	nop
  18:	b7 c0       	rjmp	.+366    	; 0x188 <__bad_interrupt>
  1a:	00 00       	nop
  1c:	b5 c0       	rjmp	.+362    	; 0x188 <__bad_interrupt>
  1e:	00 00       	nop
  20:	b3 c0       	rjmp	.+358    	; 0x188 <__bad_interrupt>
  22:	00 00       	nop
  24:	b1 c0       	rjmp	.+354    	; 0x188 <__bad_interrupt>
  26:	00 00       	nop
  28:	af c0       	rjmp	.+350    	; 0x188 <__bad_interrupt>
  2a:	00 00       	nop
  2c:	ad c0       	rjmp	.+346    	; 0x188 <__bad_interrupt>
  2e:	00 00       	nop
  30:	ab c0       	rjmp	.+342    	; 0x188 <__bad_interrupt>
  32:	00 00       	nop
  34:	a9 c0       	rjmp	.+338    	; 0x188 <__bad_interrupt>
  36:	00 00       	nop
  38:	a7 c0       	rjmp	.+334    	; 0x188 <__bad_interrupt>
  3a:	00 00       	nop
  3c:	a5 c0       	rjmp	.+330    	; 0x188 <__bad_interrupt>
  3e:	00 00       	nop
  40:	a3 c0       	rjmp	.+326    	; 0x188 <__bad_interrupt>
  42:	00 00       	nop
  44:	a1 c0       	rjmp	.+322    	; 0x188 <__bad_interrupt>
  46:	00 00       	nop
  48:	9f c0       	rjmp	.+318    	; 0x188 <__bad_interrupt>
  4a:	00 00       	nop
  4c:	9d c0       	rjmp	.+314    	; 0x188 <__bad_interrupt>
  4e:	00 00       	nop
  50:	9b c0       	rjmp	.+310    	; 0x188 <__bad_interrupt>
  52:	00 00       	nop
  54:	99 c0       	rjmp	.+306    	; 0x188 <__bad_interrupt>
  56:	00 00       	nop
  58:	97 c0       	rjmp	.+302    	; 0x188 <__bad_interrupt>
  5a:	00 00       	nop
  5c:	95 c0       	rjmp	.+298    	; 0x188 <__bad_interrupt>
  5e:	00 00       	nop
  60:	93 c0       	rjmp	.+294    	; 0x188 <__bad_interrupt>
  62:	00 00       	nop
  64:	91 c0       	rjmp	.+290    	; 0x188 <__bad_interrupt>
  66:	00 00       	nop
  68:	8f c0       	rjmp	.+286    	; 0x188 <__bad_interrupt>
  6a:	00 00       	nop
  6c:	8d c0       	rjmp	.+282    	; 0x188 <__bad_interrupt>
  6e:	00 00       	nop
  70:	8b c0       	rjmp	.+278    	; 0x188 <__bad_interrupt>
  72:	00 00       	nop
  74:	89 c0       	rjmp	.+274    	; 0x188 <__bad_interrupt>
  76:	00 00       	nop
  78:	87 c0       	rjmp	.+270    	; 0x188 <__bad_interrupt>
  7a:	00 00       	nop
  7c:	85 c0       	rjmp	.+266    	; 0x188 <__bad_interrupt>
  7e:	00 00       	nop
  80:	83 c0       	rjmp	.+262    	; 0x188 <__bad_interrupt>
  82:	00 00       	nop
  84:	81 c0       	rjmp	.+258    	; 0x188 <__bad_interrupt>
  86:	00 00       	nop
  88:	7f c0       	rjmp	.+254    	; 0x188 <__bad_interrupt>
  8a:	00 00       	nop
  8c:	7d c0       	rjmp	.+250    	; 0x188 <__bad_interrupt>
  8e:	00 00       	nop
  90:	7b c0       	rjmp	.+246    	; 0x188 <__bad_interrupt>
  92:	00 00       	nop
  94:	79 c0       	rjmp	.+242    	; 0x188 <__bad_interrupt>
  96:	00 00       	nop
  98:	77 c0       	rjmp	.+238    	; 0x188 <__bad_interrupt>
  9a:	00 00       	nop
  9c:	75 c0       	rjmp	.+234    	; 0x188 <__bad_interrupt>
  9e:	00 00       	nop
  a0:	73 c0       	rjmp	.+230    	; 0x188 <__bad_interrupt>
  a2:	00 00       	nop
  a4:	71 c0       	rjmp	.+226    	; 0x188 <__bad_interrupt>
  a6:	00 00       	nop
  a8:	6f c0       	rjmp	.+222    	; 0x188 <__bad_interrupt>
  aa:	00 00       	nop
  ac:	2e 02       	muls	r18, r30
  ae:	24 02       	muls	r18, r20
  b0:	2e 02       	muls	r18, r30
  b2:	2e 02       	muls	r18, r30
  b4:	2e 02       	muls	r18, r30
  b6:	2e 02       	muls	r18, r30
  b8:	2e 02       	muls	r18, r30
  ba:	2e 02       	muls	r18, r30
  bc:	2e 02       	muls	r18, r30
  be:	2e 02       	muls	r18, r30
  c0:	2e 02       	muls	r18, r30
  c2:	2e 02       	muls	r18, r30
  c4:	2e 02       	muls	r18, r30
  c6:	2e 02       	muls	r18, r30
  c8:	1f 02       	muls	r17, r31
  ca:	2e 02       	muls	r18, r30
  cc:	1a 02       	muls	r17, r26
  ce:	ed 01       	movw	r28, r26
  d0:	f2 01       	movw	r30, r4
  d2:	f7 01       	movw	r30, r14
  d4:	fc 01       	movw	r30, r24
  d6:	01 02       	muls	r16, r17
  d8:	06 02       	muls	r16, r22
  da:	0b 02       	muls	r16, r27
  dc:	10 02       	muls	r17, r16
  de:	15 02       	muls	r17, r21
  e0:	2e 02       	muls	r18, r30
  e2:	2e 02       	muls	r18, r30
  e4:	2e 02       	muls	r18, r30
  e6:	2e 02       	muls	r18, r30
  e8:	2e 02       	muls	r18, r30
  ea:	29 02       	muls	r18, r25
  ec:	2e 02       	muls	r18, r30
  ee:	2e 02       	muls	r18, r30
  f0:	2e 02       	muls	r18, r30
  f2:	2e 02       	muls	r18, r30
  f4:	2e 02       	muls	r18, r30
  f6:	2e 02       	muls	r18, r30
  f8:	2e 02       	muls	r18, r30
  fa:	2e 02       	muls	r18, r30
  fc:	2e 02       	muls	r18, r30
  fe:	2e 02       	muls	r18, r30
 100:	2e 02       	muls	r18, r30
 102:	2e 02       	muls	r18, r30
 104:	2e 02       	muls	r18, r30
 106:	2e 02       	muls	r18, r30
 108:	2e 02       	muls	r18, r30
 10a:	2e 02       	muls	r18, r30
 10c:	2e 02       	muls	r18, r30
 10e:	2e 02       	muls	r18, r30
 110:	2e 02       	muls	r18, r30
 112:	2e 02       	muls	r18, r30
 114:	2e 02       	muls	r18, r30
 116:	2e 02       	muls	r18, r30
 118:	2e 02       	muls	r18, r30
 11a:	2e 02       	muls	r18, r30
 11c:	2e 02       	muls	r18, r30
 11e:	2e 02       	muls	r18, r30
 120:	2e 02       	muls	r18, r30
 122:	2e 02       	muls	r18, r30
 124:	2e 02       	muls	r18, r30
 126:	2e 02       	muls	r18, r30
 128:	2e 02       	muls	r18, r30
 12a:	2e 02       	muls	r18, r30
 12c:	2e 02       	muls	r18, r30
 12e:	71 01       	movw	r14, r2
 130:	76 01       	movw	r14, r12
 132:	7f 01       	movw	r14, r30
 134:	76 01       	movw	r14, r12
 136:	84 01       	movw	r16, r8
 138:	89 01       	movw	r16, r18
 13a:	2e 02       	muls	r18, r30
 13c:	8e 01       	movw	r16, r28
 13e:	93 01       	movw	r18, r6
 140:	98 01       	movw	r18, r16
 142:	9d 01       	movw	r18, r26
 144:	a2 01       	movw	r20, r4
 146:	a7 01       	movw	r20, r14
 148:	ac 01       	movw	r20, r24
 14a:	b1 01       	movw	r22, r2
 14c:	b6 01       	movw	r22, r12
 14e:	bb 01       	movw	r22, r22
 150:	c0 01       	movw	r24, r0
 152:	c5 01       	movw	r24, r10
 154:	ca 01       	movw	r24, r20
 156:	cf 01       	movw	r24, r30
 158:	d4 01       	movw	r26, r8
 15a:	d9 01       	movw	r26, r18
 15c:	de 01       	movw	r26, r28
 15e:	e3 01       	movw	r28, r6
 160:	e8 01       	movw	r28, r16

00000162 <__ctors_end>:
 162:	11 24       	eor	r1, r1
 164:	1f be       	out	0x3f, r1	; 63
 166:	cf ef       	ldi	r28, 0xFF	; 255
 168:	da e0       	ldi	r29, 0x0A	; 10
 16a:	de bf       	out	0x3e, r29	; 62
 16c:	cd bf       	out	0x3d, r28	; 61

0000016e <__do_copy_data>:
 16e:	11 e0       	ldi	r17, 0x01	; 1
 170:	a0 e0       	ldi	r26, 0x00	; 0
 172:	b1 e0       	ldi	r27, 0x01	; 1
 174:	e2 ec       	ldi	r30, 0xC2	; 194
 176:	f4 e0       	ldi	r31, 0x04	; 4
 178:	02 c0       	rjmp	.+4      	; 0x17e <__do_copy_data+0x10>
 17a:	05 90       	lpm	r0, Z+
 17c:	0d 92       	st	X+, r0
 17e:	aa 37       	cpi	r26, 0x7A	; 122
 180:	b1 07       	cpc	r27, r17
 182:	d9 f7       	brne	.-10     	; 0x17a <__do_copy_data+0xc>
 184:	02 d0       	rcall	.+4      	; 0x18a <main>
 186:	9b c1       	rjmp	.+822    	; 0x4be <_exit>

00000188 <__bad_interrupt>:
 188:	3b cf       	rjmp	.-394    	; 0x0 <__vectors>

0000018a <main>:
 18a:	3f 9a       	sbi	0x07, 7	; 7
 18c:	4a ef       	ldi	r20, 0xFA	; 250
 18e:	50 e0       	ldi	r21, 0x00	; 0
 190:	60 e0       	ldi	r22, 0x00	; 0
 192:	70 e0       	ldi	r23, 0x00	; 0
 194:	83 e5       	ldi	r24, 0x53	; 83
 196:	94 d0       	rcall	.+296    	; 0x2c0 <blink_morse_char>
 198:	4a ef       	ldi	r20, 0xFA	; 250
 19a:	50 e0       	ldi	r21, 0x00	; 0
 19c:	60 e0       	ldi	r22, 0x00	; 0
 19e:	70 e0       	ldi	r23, 0x00	; 0
 1a0:	8f e4       	ldi	r24, 0x4F	; 79
 1a2:	8e d0       	rcall	.+284    	; 0x2c0 <blink_morse_char>
 1a4:	4a ef       	ldi	r20, 0xFA	; 250
 1a6:	50 e0       	ldi	r21, 0x00	; 0
 1a8:	60 e0       	ldi	r22, 0x00	; 0
 1aa:	70 e0       	ldi	r23, 0x00	; 0
 1ac:	83 e5       	ldi	r24, 0x53	; 83
 1ae:	88 d0       	rcall	.+272    	; 0x2c0 <blink_morse_char>
 1b0:	4a ef       	ldi	r20, 0xFA	; 250
 1b2:	50 e0       	ldi	r21, 0x00	; 0
 1b4:	60 e0       	ldi	r22, 0x00	; 0
 1b6:	70 e0       	ldi	r23, 0x00	; 0
 1b8:	80 e2       	ldi	r24, 0x20	; 32
 1ba:	82 d0       	rcall	.+260    	; 0x2c0 <blink_morse_char>
 1bc:	e7 cf       	rjmp	.-50     	; 0x18c <main+0x2>

000001be <led_on_block>:
 1be:	0f 93       	push	r16
 1c0:	1f 93       	push	r17
 1c2:	47 9a       	sbi	0x08, 7	; 8
 1c4:	00 e0       	ldi	r16, 0x00	; 0
 1c6:	10 e0       	ldi	r17, 0x00	; 0
 1c8:	98 01       	movw	r18, r16
 1ca:	06 17       	cp	r16, r22
 1cc:	17 07       	cpc	r17, r23
 1ce:	28 07       	cpc	r18, r24
 1d0:	39 07       	cpc	r19, r25
 1d2:	59 f0       	breq	.+22     	; 0x1ea <led_on_block+0x2c>
 1d4:	ef e9       	ldi	r30, 0x9F	; 159
 1d6:	ff e0       	ldi	r31, 0x0F	; 15
 1d8:	31 97       	sbiw	r30, 0x01	; 1
 1da:	f1 f7       	brne	.-4      	; 0x1d8 <led_on_block+0x1a>
 1dc:	00 c0       	rjmp	.+0      	; 0x1de <led_on_block+0x20>
 1de:	00 00       	nop
 1e0:	0f 5f       	subi	r16, 0xFF	; 255
 1e2:	1f 4f       	sbci	r17, 0xFF	; 255
 1e4:	2f 4f       	sbci	r18, 0xFF	; 255
 1e6:	3f 4f       	sbci	r19, 0xFF	; 255
 1e8:	f0 cf       	rjmp	.-32     	; 0x1ca <led_on_block+0xc>
 1ea:	1f 91       	pop	r17
 1ec:	0f 91       	pop	r16
 1ee:	08 95       	ret

000001f0 <led_off_block>:
 1f0:	0f 93       	push	r16
 1f2:	1f 93       	push	r17
 1f4:	47 98       	cbi	0x08, 7	; 8
 1f6:	00 e0       	ldi	r16, 0x00	; 0
 1f8:	10 e0       	ldi	r17, 0x00	; 0
 1fa:	98 01       	movw	r18, r16
 1fc:	06 17       	cp	r16, r22
 1fe:	17 07       	cpc	r17, r23
 200:	28 07       	cpc	r18, r24
 202:	39 07       	cpc	r19, r25
 204:	59 f0       	breq	.+22     	; 0x21c <led_off_block+0x2c>
 206:	ef e9       	ldi	r30, 0x9F	; 159
 208:	ff e0       	ldi	r31, 0x0F	; 15
 20a:	31 97       	sbiw	r30, 0x01	; 1
 20c:	f1 f7       	brne	.-4      	; 0x20a <led_off_block+0x1a>
 20e:	00 c0       	rjmp	.+0      	; 0x210 <led_off_block+0x20>
 210:	00 00       	nop
 212:	0f 5f       	subi	r16, 0xFF	; 255
 214:	1f 4f       	sbci	r17, 0xFF	; 255
 216:	2f 4f       	sbci	r18, 0xFF	; 255
 218:	3f 4f       	sbci	r19, 0xFF	; 255
 21a:	f0 cf       	rjmp	.-32     	; 0x1fc <led_off_block+0xc>
 21c:	1f 91       	pop	r17
 21e:	0f 91       	pop	r16
 220:	08 95       	ret

00000222 <morse_dot>:
 222:	cf 92       	push	r12
 224:	df 92       	push	r13
 226:	ef 92       	push	r14
 228:	ff 92       	push	r15
 22a:	6b 01       	movw	r12, r22
 22c:	7c 01       	movw	r14, r24
 22e:	c7 df       	rcall	.-114    	; 0x1be <led_on_block>
 230:	c7 01       	movw	r24, r14
 232:	b6 01       	movw	r22, r12
 234:	ff 90       	pop	r15
 236:	ef 90       	pop	r14
 238:	df 90       	pop	r13
 23a:	cf 90       	pop	r12
 23c:	d9 cf       	rjmp	.-78     	; 0x1f0 <led_off_block>

0000023e <morse_dash>:
 23e:	cf 92       	push	r12
 240:	df 92       	push	r13
 242:	ef 92       	push	r14
 244:	ff 92       	push	r15
 246:	6b 01       	movw	r12, r22
 248:	7c 01       	movw	r14, r24
 24a:	a3 e0       	ldi	r26, 0x03	; 3
 24c:	b0 e0       	ldi	r27, 0x00	; 0
 24e:	9b 01       	movw	r18, r22
 250:	ac 01       	movw	r20, r24
 252:	14 d1       	rcall	.+552    	; 0x47c <__muluhisi3>
 254:	b4 df       	rcall	.-152    	; 0x1be <led_on_block>
 256:	c7 01       	movw	r24, r14
 258:	b6 01       	movw	r22, r12
 25a:	ff 90       	pop	r15
 25c:	ef 90       	pop	r14
 25e:	df 90       	pop	r13
 260:	cf 90       	pop	r12
 262:	c6 cf       	rjmp	.-116    	; 0x1f0 <led_off_block>

00000264 <morse_letter_end>:
 264:	66 0f       	add	r22, r22
 266:	77 1f       	adc	r23, r23
 268:	88 1f       	adc	r24, r24
 26a:	99 1f       	adc	r25, r25
 26c:	c1 cf       	rjmp	.-126    	; 0x1f0 <led_off_block>

0000026e <dot_dash_blink>:
 26e:	cf 92       	push	r12
 270:	df 92       	push	r13
 272:	ef 92       	push	r14
 274:	ff 92       	push	r15
 276:	0f 93       	push	r16
 278:	1f 93       	push	r17
 27a:	cf 93       	push	r28
 27c:	df 93       	push	r29
 27e:	6a 01       	movw	r12, r20
 280:	7b 01       	movw	r14, r22
 282:	ec 01       	movw	r28, r24
 284:	8c 01       	movw	r16, r24
 286:	07 5f       	subi	r16, 0xF7	; 247
 288:	1f 4f       	sbci	r17, 0xFF	; 255
 28a:	89 91       	ld	r24, Y+
 28c:	88 23       	and	r24, r24
 28e:	69 f0       	breq	.+26     	; 0x2aa <dot_dash_blink+0x3c>
 290:	c0 17       	cp	r28, r16
 292:	d1 07       	cpc	r29, r17
 294:	51 f0       	breq	.+20     	; 0x2aa <dot_dash_blink+0x3c>
 296:	8e 32       	cpi	r24, 0x2E	; 46
 298:	21 f4       	brne	.+8      	; 0x2a2 <dot_dash_blink+0x34>
 29a:	c7 01       	movw	r24, r14
 29c:	b6 01       	movw	r22, r12
 29e:	c1 df       	rcall	.-126    	; 0x222 <morse_dot>
 2a0:	f4 cf       	rjmp	.-24     	; 0x28a <dot_dash_blink+0x1c>
 2a2:	c7 01       	movw	r24, r14
 2a4:	b6 01       	movw	r22, r12
 2a6:	cb df       	rcall	.-106    	; 0x23e <morse_dash>
 2a8:	f0 cf       	rjmp	.-32     	; 0x28a <dot_dash_blink+0x1c>
 2aa:	c7 01       	movw	r24, r14
 2ac:	b6 01       	movw	r22, r12
 2ae:	df 91       	pop	r29
 2b0:	cf 91       	pop	r28
 2b2:	1f 91       	pop	r17
 2b4:	0f 91       	pop	r16
 2b6:	ff 90       	pop	r15
 2b8:	ef 90       	pop	r14
 2ba:	df 90       	pop	r13
 2bc:	cf 90       	pop	r12
 2be:	d2 cf       	rjmp	.-92     	; 0x264 <morse_letter_end>

000002c0 <blink_morse_char>:
 2c0:	cf 92       	push	r12
 2c2:	df 92       	push	r13
 2c4:	ef 92       	push	r14
 2c6:	ff 92       	push	r15
 2c8:	6a 01       	movw	r12, r20
 2ca:	7b 01       	movw	r14, r22
 2cc:	90 e0       	ldi	r25, 0x00	; 0
 2ce:	ef d0       	rcall	.+478    	; 0x4ae <tolower>
 2d0:	80 97       	sbiw	r24, 0x20	; 32
 2d2:	8b 35       	cpi	r24, 0x5B	; 91
 2d4:	91 05       	cpc	r25, r1
 2d6:	08 f0       	brcs	.+2      	; 0x2da <blink_morse_char+0x1a>
 2d8:	c1 c0       	rjmp	.+386    	; 0x45c <__EEPROM_REGION_LENGTH__+0x5c>
 2da:	8a 5a       	subi	r24, 0xAA	; 170
 2dc:	9f 4f       	sbci	r25, 0xFF	; 255
 2de:	fc 01       	movw	r30, r24
 2e0:	c7 c0       	rjmp	.+398    	; 0x470 <__tablejump2__>
 2e2:	b7 01       	movw	r22, r14
 2e4:	a6 01       	movw	r20, r12
 2e6:	8b e1       	ldi	r24, 0x1B	; 27
 2e8:	91 e0       	ldi	r25, 0x01	; 1
 2ea:	04 c0       	rjmp	.+8      	; 0x2f4 <blink_morse_char+0x34>
 2ec:	b7 01       	movw	r22, r14
 2ee:	a6 01       	movw	r20, r12
 2f0:	8d e4       	ldi	r24, 0x4D	; 77
 2f2:	91 e0       	ldi	r25, 0x01	; 1
 2f4:	ff 90       	pop	r15
 2f6:	ef 90       	pop	r14
 2f8:	df 90       	pop	r13
 2fa:	cf 90       	pop	r12
 2fc:	b8 cf       	rjmp	.-144    	; 0x26e <dot_dash_blink>
 2fe:	b7 01       	movw	r22, r14
 300:	a6 01       	movw	r20, r12
 302:	80 e0       	ldi	r24, 0x00	; 0
 304:	91 e0       	ldi	r25, 0x01	; 1
 306:	f6 cf       	rjmp	.-20     	; 0x2f4 <blink_morse_char+0x34>
 308:	b7 01       	movw	r22, r14
 30a:	a6 01       	movw	r20, r12
 30c:	8c e5       	ldi	r24, 0x5C	; 92
 30e:	91 e0       	ldi	r25, 0x01	; 1
 310:	f1 cf       	rjmp	.-30     	; 0x2f4 <blink_morse_char+0x34>
 312:	b7 01       	movw	r22, r14
 314:	a6 01       	movw	r20, r12
 316:	85 e0       	ldi	r24, 0x05	; 5
 318:	91 e0       	ldi	r25, 0x01	; 1
 31a:	ec cf       	rjmp	.-40     	; 0x2f4 <blink_morse_char+0x34>
 31c:	b7 01       	movw	r22, r14
 31e:	a6 01       	movw	r20, r12
 320:	87 e4       	ldi	r24, 0x47	; 71
 322:	91 e0       	ldi	r25, 0x01	; 1
 324:	e7 cf       	rjmp	.-50     	; 0x2f4 <blink_morse_char+0x34>
 326:	b7 01       	movw	r22, r14
 328:	a6 01       	movw	r20, r12
 32a:	85 e5       	ldi	r24, 0x55	; 85
 32c:	91 e0       	ldi	r25, 0x01	; 1
 32e:	e2 cf       	rjmp	.-60     	; 0x2f4 <blink_morse_char+0x34>
 330:	b7 01       	movw	r22, r14
 332:	a6 01       	movw	r20, r12
 334:	8a e0       	ldi	r24, 0x0A	; 10
 336:	91 e0       	ldi	r25, 0x01	; 1
 338:	dd cf       	rjmp	.-70     	; 0x2f4 <blink_morse_char+0x34>
 33a:	b7 01       	movw	r22, r14
 33c:	a6 01       	movw	r20, r12
 33e:	8a e1       	ldi	r24, 0x1A	; 26
 340:	91 e0       	ldi	r25, 0x01	; 1
 342:	d8 cf       	rjmp	.-80     	; 0x2f4 <blink_morse_char+0x34>
 344:	b7 01       	movw	r22, r14
 346:	a6 01       	movw	r20, r12
 348:	8f e0       	ldi	r24, 0x0F	; 15
 34a:	91 e0       	ldi	r25, 0x01	; 1
 34c:	d3 cf       	rjmp	.-90     	; 0x2f4 <blink_morse_char+0x34>
 34e:	b7 01       	movw	r22, r14
 350:	a6 01       	movw	r20, r12
 352:	81 e6       	ldi	r24, 0x61	; 97
 354:	91 e0       	ldi	r25, 0x01	; 1
 356:	ce cf       	rjmp	.-100    	; 0x2f4 <blink_morse_char+0x34>
 358:	b7 01       	movw	r22, r14
 35a:	a6 01       	movw	r20, r12
 35c:	8b e5       	ldi	r24, 0x5B	; 91
 35e:	91 e0       	ldi	r25, 0x01	; 1
 360:	c9 cf       	rjmp	.-110    	; 0x2f4 <blink_morse_char+0x34>
 362:	b7 01       	movw	r22, r14
 364:	a6 01       	movw	r20, r12
 366:	80 e6       	ldi	r24, 0x60	; 96
 368:	91 e0       	ldi	r25, 0x01	; 1
 36a:	c4 cf       	rjmp	.-120    	; 0x2f4 <blink_morse_char+0x34>
 36c:	b7 01       	movw	r22, r14
 36e:	a6 01       	movw	r20, r12
 370:	84 e1       	ldi	r24, 0x14	; 20
 372:	91 e0       	ldi	r25, 0x01	; 1
 374:	bf cf       	rjmp	.-130    	; 0x2f4 <blink_morse_char+0x34>
 376:	b7 01       	movw	r22, r14
 378:	a6 01       	movw	r20, r12
 37a:	89 e1       	ldi	r24, 0x19	; 25
 37c:	91 e0       	ldi	r25, 0x01	; 1
 37e:	ba cf       	rjmp	.-140    	; 0x2f4 <blink_morse_char+0x34>
 380:	b7 01       	movw	r22, r14
 382:	a6 01       	movw	r20, r12
 384:	81 e0       	ldi	r24, 0x01	; 1
 386:	91 e0       	ldi	r25, 0x01	; 1
 388:	b5 cf       	rjmp	.-150    	; 0x2f4 <blink_morse_char+0x34>
 38a:	b7 01       	movw	r22, r14
 38c:	a6 01       	movw	r20, r12
 38e:	8e e4       	ldi	r24, 0x4E	; 78
 390:	91 e0       	ldi	r25, 0x01	; 1
 392:	b0 cf       	rjmp	.-160    	; 0x2f4 <blink_morse_char+0x34>
 394:	b7 01       	movw	r22, r14
 396:	a6 01       	movw	r20, r12
 398:	82 e6       	ldi	r24, 0x62	; 98
 39a:	91 e0       	ldi	r25, 0x01	; 1
 39c:	ab cf       	rjmp	.-170    	; 0x2f4 <blink_morse_char+0x34>
 39e:	b7 01       	movw	r22, r14
 3a0:	a6 01       	movw	r20, r12
 3a2:	84 e2       	ldi	r24, 0x24	; 36
 3a4:	91 e0       	ldi	r25, 0x01	; 1
 3a6:	a6 cf       	rjmp	.-180    	; 0x2f4 <blink_morse_char+0x34>
 3a8:	b7 01       	movw	r22, r14
 3aa:	a6 01       	movw	r20, r12
 3ac:	8e e1       	ldi	r24, 0x1E	; 30
 3ae:	91 e0       	ldi	r25, 0x01	; 1
 3b0:	a1 cf       	rjmp	.-190    	; 0x2f4 <blink_morse_char+0x34>
 3b2:	b7 01       	movw	r22, r14
 3b4:	a6 01       	movw	r20, r12
 3b6:	8e e6       	ldi	r24, 0x6E	; 110
 3b8:	91 e0       	ldi	r25, 0x01	; 1
 3ba:	9c cf       	rjmp	.-200    	; 0x2f4 <blink_morse_char+0x34>
 3bc:	b7 01       	movw	r22, r14
 3be:	a6 01       	movw	r20, r12
 3c0:	83 e2       	ldi	r24, 0x23	; 35
 3c2:	91 e0       	ldi	r25, 0x01	; 1
 3c4:	97 cf       	rjmp	.-210    	; 0x2f4 <blink_morse_char+0x34>
 3c6:	b7 01       	movw	r22, r14
 3c8:	a6 01       	movw	r20, r12
 3ca:	8d e6       	ldi	r24, 0x6D	; 109
 3cc:	91 e0       	ldi	r25, 0x01	; 1
 3ce:	92 cf       	rjmp	.-220    	; 0x2f4 <blink_morse_char+0x34>
 3d0:	b7 01       	movw	r22, r14
 3d2:	a6 01       	movw	r20, r12
 3d4:	83 e5       	ldi	r24, 0x53	; 83
 3d6:	91 e0       	ldi	r25, 0x01	; 1
 3d8:	8d cf       	rjmp	.-230    	; 0x2f4 <blink_morse_char+0x34>
 3da:	b7 01       	movw	r22, r14
 3dc:	a6 01       	movw	r20, r12
 3de:	88 e2       	ldi	r24, 0x28	; 40
 3e0:	91 e0       	ldi	r25, 0x01	; 1
 3e2:	88 cf       	rjmp	.-240    	; 0x2f4 <blink_morse_char+0x34>
 3e4:	b7 01       	movw	r22, r14
 3e6:	a6 01       	movw	r20, r12
 3e8:	8e e2       	ldi	r24, 0x2E	; 46
 3ea:	91 e0       	ldi	r25, 0x01	; 1
 3ec:	83 cf       	rjmp	.-250    	; 0x2f4 <blink_morse_char+0x34>
 3ee:	b7 01       	movw	r22, r14
 3f0:	a6 01       	movw	r20, r12
 3f2:	84 e3       	ldi	r24, 0x34	; 52
 3f4:	91 e0       	ldi	r25, 0x01	; 1
 3f6:	7e cf       	rjmp	.-260    	; 0x2f4 <blink_morse_char+0x34>
 3f8:	b7 01       	movw	r22, r14
 3fa:	a6 01       	movw	r20, r12
 3fc:	8a e3       	ldi	r24, 0x3A	; 58
 3fe:	91 e0       	ldi	r25, 0x01	; 1
 400:	79 cf       	rjmp	.-270    	; 0x2f4 <blink_morse_char+0x34>
 402:	b7 01       	movw	r22, r14
 404:	a6 01       	movw	r20, r12
 406:	80 e4       	ldi	r24, 0x40	; 64
 408:	91 e0       	ldi	r25, 0x01	; 1
 40a:	74 cf       	rjmp	.-280    	; 0x2f4 <blink_morse_char+0x34>
 40c:	b7 01       	movw	r22, r14
 40e:	a6 01       	movw	r20, r12
 410:	86 e4       	ldi	r24, 0x46	; 70
 412:	91 e0       	ldi	r25, 0x01	; 1
 414:	6f cf       	rjmp	.-290    	; 0x2f4 <blink_morse_char+0x34>
 416:	b7 01       	movw	r22, r14
 418:	a6 01       	movw	r20, r12
 41a:	8c e4       	ldi	r24, 0x4C	; 76
 41c:	91 e0       	ldi	r25, 0x01	; 1
 41e:	6a cf       	rjmp	.-300    	; 0x2f4 <blink_morse_char+0x34>
 420:	b7 01       	movw	r22, r14
 422:	a6 01       	movw	r20, r12
 424:	82 e5       	ldi	r24, 0x52	; 82
 426:	91 e0       	ldi	r25, 0x01	; 1
 428:	65 cf       	rjmp	.-310    	; 0x2f4 <blink_morse_char+0x34>
 42a:	b7 01       	movw	r22, r14
 42c:	a6 01       	movw	r20, r12
 42e:	88 e5       	ldi	r24, 0x58	; 88
 430:	91 e0       	ldi	r25, 0x01	; 1
 432:	60 cf       	rjmp	.-320    	; 0x2f4 <blink_morse_char+0x34>
 434:	b7 01       	movw	r22, r14
 436:	a6 01       	movw	r20, r12
 438:	8e e5       	ldi	r24, 0x5E	; 94
 43a:	91 e0       	ldi	r25, 0x01	; 1
 43c:	5b cf       	rjmp	.-330    	; 0x2f4 <blink_morse_char+0x34>
 43e:	b7 01       	movw	r22, r14
 440:	a6 01       	movw	r20, r12
 442:	84 e6       	ldi	r24, 0x64	; 100
 444:	91 e0       	ldi	r25, 0x01	; 1
 446:	56 cf       	rjmp	.-340    	; 0x2f4 <blink_morse_char+0x34>
 448:	b7 01       	movw	r22, r14
 44a:	a6 01       	movw	r20, r12
 44c:	8b e6       	ldi	r24, 0x6B	; 107
 44e:	91 e0       	ldi	r25, 0x01	; 1
 450:	51 cf       	rjmp	.-350    	; 0x2f4 <blink_morse_char+0x34>
 452:	b7 01       	movw	r22, r14
 454:	a6 01       	movw	r20, r12
 456:	82 e7       	ldi	r24, 0x72	; 114
 458:	91 e0       	ldi	r25, 0x01	; 1
 45a:	4c cf       	rjmp	.-360    	; 0x2f4 <blink_morse_char+0x34>
 45c:	a7 e0       	ldi	r26, 0x07	; 7
 45e:	b0 e0       	ldi	r27, 0x00	; 0
 460:	a7 01       	movw	r20, r14
 462:	96 01       	movw	r18, r12
 464:	0b d0       	rcall	.+22     	; 0x47c <__muluhisi3>
 466:	ff 90       	pop	r15
 468:	ef 90       	pop	r14
 46a:	df 90       	pop	r13
 46c:	cf 90       	pop	r12
 46e:	c0 ce       	rjmp	.-640    	; 0x1f0 <led_off_block>

00000470 <__tablejump2__>:
 470:	ee 0f       	add	r30, r30
 472:	ff 1f       	adc	r31, r31
 474:	05 90       	lpm	r0, Z+
 476:	f4 91       	lpm	r31, Z
 478:	e0 2d       	mov	r30, r0
 47a:	09 94       	ijmp

0000047c <__muluhisi3>:
 47c:	09 d0       	rcall	.+18     	; 0x490 <__umulhisi3>
 47e:	a5 9f       	mul	r26, r21
 480:	90 0d       	add	r25, r0
 482:	b4 9f       	mul	r27, r20
 484:	90 0d       	add	r25, r0
 486:	a4 9f       	mul	r26, r20
 488:	80 0d       	add	r24, r0
 48a:	91 1d       	adc	r25, r1
 48c:	11 24       	eor	r1, r1
 48e:	08 95       	ret

00000490 <__umulhisi3>:
 490:	a2 9f       	mul	r26, r18
 492:	b0 01       	movw	r22, r0
 494:	b3 9f       	mul	r27, r19
 496:	c0 01       	movw	r24, r0
 498:	a3 9f       	mul	r26, r19
 49a:	70 0d       	add	r23, r0
 49c:	81 1d       	adc	r24, r1
 49e:	11 24       	eor	r1, r1
 4a0:	91 1d       	adc	r25, r1
 4a2:	b2 9f       	mul	r27, r18
 4a4:	70 0d       	add	r23, r0
 4a6:	81 1d       	adc	r24, r1
 4a8:	11 24       	eor	r1, r1
 4aa:	91 1d       	adc	r25, r1
 4ac:	08 95       	ret

000004ae <tolower>:
 4ae:	91 11       	cpse	r25, r1
 4b0:	08 95       	ret
 4b2:	81 54       	subi	r24, 0x41	; 65
 4b4:	8a 51       	subi	r24, 0x1A	; 26
 4b6:	08 f4       	brcc	.+2      	; 0x4ba <tolower+0xc>
 4b8:	80 5e       	subi	r24, 0xE0	; 224
 4ba:	85 5a       	subi	r24, 0xA5	; 165
 4bc:	08 95       	ret

000004be <_exit>:
 4be:	f8 94       	cli

000004c0 <__stop_program>:
 4c0:	ff cf       	rjmp	.-2      	; 0x4c0 <__stop_program>
